<?xml version="1.0" encoding="UTF-8"?>
<testng-results ignored="0" total="1" passed="1" failed="0" skipped="0">
  <reporter-output>
  </reporter-output>
  <suite started-at="2024-11-15T10:01:38 IST" name="Default suite" finished-at="2024-11-15T10:01:38 IST" duration-ms="48">
    <groups>
    </groups>
    <test started-at="2024-11-15T10:01:38 IST" name="Default test" finished-at="2024-11-15T10:01:38 IST" duration-ms="48">
      <class name="Sample.Demo">
        <test-method signature="sample()[pri:0, instance:Sample.Demo@3d6f0054]" started-at="2024-11-15T10:01:38 IST" name="sample" finished-at="2024-11-15T10:01:38 IST" duration-ms="10" status="PASS">
          <reporter-output>
          </reporter-output>
        </test-method> <!-- sample -->
      </class> <!-- Sample.Demo -->
    </test> <!-- Default test -->
  </suite> <!-- Default suite -->
</testng-results>
